# JRE version: Java(TM) SE Runtime Environment (8.0_151-b12) (build 1.8.0_151-b12)
# Java VM: Java HotSpot(TM) 64-Bit Server VM (25.151-b12 mixed mode windows-amd64 compressed oops)
Heap:
 PSYoungGen      total 258560K, used 68591K [0x0000000780980000, 0x0000000791f00000, 0x00000007c0000000)
  eden space 246784K, 23% used [0x0000000780980000,0x0000000784100730,0x000000078fa80000)
  from space 11776K, 99% used [0x0000000790b00000,0x000000079167b670,0x0000000791680000)
  to   space 16896K, 0% used [0x000000078fa80000,0x000000078fa80000,0x0000000790b00000)
 ParOldGen       total 103424K, used 21521K [0x0000000701c00000, 0x0000000708100000, 0x0000000780980000)
  object space 103424K, 20% used [0x0000000701c00000,0x0000000703104710,0x0000000708100000)
 Metaspace       used 55091K, capacity 57490K, committed 57688K, reserved 1099776K
  class space    used 7521K, capacity 7959K, committed 8024K, reserved 1048576K
GC Heap History (10 events):
Event: 3.042 GC heap before
{Heap before GC invocations=6 (full 1):
 PSYoungGen      total 106496K, used 98304K [0x0000000780980000, 0x0000000787980000, 0x00000007c0000000)
  eden space 98304K, 100% used [0x0000000780980000,0x0000000786980000,0x0000000786980000)
  from space 8192K, 0% used [0x0000000787180000,0x0000000787180000,0x0000000787980000)
  to   space 8192K, 0% used [0x0000000786980000,0x0000000786980000,0x0000000787180000)
 ParOldGen       total 70656K, used 5347K [0x0000000701c00000, 0x0000000706100000, 0x0000000780980000)
  object space 70656K, 7% used [0x0000000701c00000,0x0000000702138c58,0x0000000706100000)
 Metaspace       used 26029K, capacity 27002K, committed 27136K, reserved 1073152K
  class space    used 3356K, capacity 3575K, committed 3584K, reserved 1048576K
Event: 3.063 GC heap after
Heap after GC invocations=6 (full 1):
 PSYoungGen      total 106496K, used 7217K [0x0000000780980000, 0x000000078bb80000, 0x00000007c0000000)
  eden space 98304K, 0% used [0x0000000780980000,0x0000000780980000,0x0000000786980000)
  from space 8192K, 88% used [0x0000000786980000,0x000000078708c418,0x0000000787180000)
  to   space 9728K, 0% used [0x000000078b200000,0x000000078b200000,0x000000078bb80000)
 ParOldGen       total 70656K, used 5419K [0x0000000701c00000, 0x0000000706100000, 0x0000000780980000)
  object space 70656K, 7% used [0x0000000701c00000,0x000000070214ac68,0x0000000706100000)
 Metaspace       used 26029K, capacity 27002K, committed 27136K, reserved 1073152K
  class space    used 3356K, capacity 3575K, committed 3584K, reserved 1048576K
}
Event: 4.210 GC heap before
{Heap before GC invocations=7 (full 1):
 PSYoungGen      total 106496K, used 105467K [0x0000000780980000, 0x000000078bb80000, 0x00000007c0000000)
  eden space 98304K, 99% used [0x0000000780980000,0x0000000786972b50,0x0000000786980000)
  from space 8192K, 88% used [0x0000000786980000,0x000000078708c418,0x0000000787180000)
  to   space 9728K, 0% used [0x000000078b200000,0x000000078b200000,0x000000078bb80000)
 ParOldGen       total 70656K, used 5419K [0x0000000701c00000, 0x0000000706100000, 0x0000000780980000)
  object space 70656K, 7% used [0x0000000701c00000,0x000000070214ac68,0x0000000706100000)
 Metaspace       used 31986K, capacity 33436K, committed 33664K, reserved 1079296K
  class space    used 4112K, capacity 4412K, committed 4480K, reserved 1048576K
Event: 4.221 GC heap after
Heap after GC invocations=7 (full 1):
 PSYoungGen      total 167424K, used 9697K [0x0000000780980000, 0x000000078bb80000, 0x00000007c0000000)
  eden space 157696K, 0% used [0x0000000780980000,0x0000000780980000,0x000000078a380000)
  from space 9728K, 99% used [0x000000078b200000,0x000000078bb784d8,0x000000078bb80000)
  to   space 11776K, 0% used [0x000000078a480000,0x000000078a480000,0x000000078b000000)
 ParOldGen       total 70656K, used 6726K [0x0000000701c00000, 0x0000000706100000, 0x0000000780980000)
  object space 70656K, 9% used [0x0000000701c00000,0x00000007022918b8,0x0000000706100000)
 Metaspace       used 31986K, capacity 33436K, committed 33664K, reserved 1079296K
  class space    used 4112K, capacity 4412K, committed 4480K, reserved 1048576K
}
Event: 4.523 GC heap before
{Heap before GC invocations=8 (full 1):
 PSYoungGen      total 167424K, used 45211K [0x0000000780980000, 0x000000078bb80000, 0x00000007c0000000)
  eden space 157696K, 22% used [0x0000000780980000,0x0000000782c2e7f8,0x000000078a380000)
  from space 9728K, 99% used [0x000000078b200000,0x000000078bb784d8,0x000000078bb80000)
  to   space 11776K, 0% used [0x000000078a480000,0x000000078a480000,0x000000078b000000)
 ParOldGen       total 70656K, used 6726K [0x0000000701c00000, 0x0000000706100000, 0x0000000780980000)
  object space 70656K, 9% used [0x0000000701c00000,0x00000007022918b8,0x0000000706100000)
 Metaspace       used 33817K, capacity 35352K, committed 35416K, reserved 1079296K
  class space    used 4340K, capacity 4644K, committed 4696K, reserved 1048576K
Event: 4.535 GC heap after
Heap after GC invocations=8 (full 1):
 PSYoungGen      total 170496K, used 9222K [0x0000000780980000, 0x0000000791680000, 0x00000007c0000000)
  eden space 158720K, 0% used [0x0000000780980000,0x0000000780980000,0x000000078a480000)
  from space 11776K, 78% used [0x000000078a480000,0x000000078ad81870,0x000000078b000000)
  to   space 11776K, 0% used [0x0000000790b00000,0x0000000790b00000,0x0000000791680000)
 ParOldGen       total 70656K, used 6734K [0x0000000701c00000, 0x0000000706100000, 0x0000000780980000)
  object space 70656K, 9% used [0x0000000701c00000,0x00000007022938b8,0x0000000706100000)
 Metaspace       used 33817K, capacity 35352K, committed 35416K, reserved 1079296K
  class space    used 4340K, capacity 4644K, committed 4696K, reserved 1048576K
}
Event: 4.535 GC heap before
{Heap before GC invocations=9 (full 2):
 PSYoungGen      total 170496K, used 9222K [0x0000000780980000, 0x0000000791680000, 0x00000007c0000000)
  eden space 158720K, 0% used [0x0000000780980000,0x0000000780980000,0x000000078a480000)
  from space 11776K, 78% used [0x000000078a480000,0x000000078ad81870,0x000000078b000000)
  to   space 11776K, 0% used [0x0000000790b00000,0x0000000790b00000,0x0000000791680000)
 ParOldGen       total 70656K, used 6734K [0x0000000701c00000, 0x0000000706100000, 0x0000000780980000)
  object space 70656K, 9% used [0x0000000701c00000,0x00000007022938b8,0x0000000706100000)
 Metaspace       used 33817K, capacity 35352K, committed 35416K, reserved 1079296K
  class space    used 4340K, capacity 4644K, committed 4696K, reserved 1048576K
Event: 4.591 GC heap after
Heap after GC invocations=9 (full 2):
 PSYoungGen      total 170496K, used 0K [0x0000000780980000, 0x0000000791680000, 0x00000007c0000000)
  eden space 158720K, 0% used [0x0000000780980000,0x0000000780980000,0x000000078a480000)
  from space 11776K, 0% used [0x000000078a480000,0x000000078a480000,0x000000078b000000)
  to   space 11776K, 0% used [0x0000000790b00000,0x0000000790b00000,0x0000000791680000)
 ParOldGen       total 103424K, used 13660K [0x0000000701c00000, 0x0000000708100000, 0x0000000780980000)
  object space 103424K, 13% used [0x0000000701c00000,0x0000000702957320,0x0000000708100000)
 Metaspace       used 33817K, capacity 35352K, committed 35416K, reserved 1079296K
  class space    used 4340K, capacity 4644K, committed 4696K, reserved 1048576K
}
Event: 6.425 GC heap before
{Heap before GC invocations=10 (full 2):
 PSYoungGen      total 170496K, used 158720K [0x0000000780980000, 0x0000000791680000, 0x00000007c0000000)
  eden space 158720K, 100% used [0x0000000780980000,0x000000078a480000,0x000000078a480000)
  from space 11776K, 0% used [0x000000078a480000,0x000000078a480000,0x000000078b000000)
  to   space 11776K, 0% used [0x0000000790b00000,0x0000000790b00000,0x0000000791680000)
 ParOldGen       total 103424K, used 13660K [0x0000000701c00000, 0x0000000708100000, 0x0000000780980000)
  object space 103424K, 13% used [0x0000000701c00000,0x0000000702957320,0x0000000708100000)
 Metaspace       used 52131K, capacity 53922K, committed 54104K, reserved 1095680K
  class space    used 7092K, capacity 7425K, committed 7512K, reserved 1048576K
Event: 6.444 GC heap after
Heap after GC invocations=10 (full 2):
 PSYoungGen      total 258560K, used 11757K [0x0000000780980000, 0x0000000791f00000, 0x00000007c0000000)
  eden space 246784K, 0% used [0x0000000780980000,0x0000000780980000,0x000000078fa80000)
  from space 11776K, 99% used [0x0000000790b00000,0x000000079167b670,0x0000000791680000)
  to   space 16896K, 0% used [0x000000078fa80000,0x000000078fa80000,0x0000000790b00000)
 ParOldGen       total 103424K, used 21521K [0x0000000701c00000, 0x0000000708100000, 0x0000000780980000)
  object space 103424K, 20% used [0x0000000701c00000,0x0000000703104710,0x0000000708100000)
 Metaspace       used 52131K, capacity 53922K, committed 54104K, reserved 1095680K
  class space    used 7092K, capacity 7425K, committed 7512K, reserved 1048576K
}

